wyatt/build/outputs/logs/manifest-merger-debug-report.txt
-- Merging decision tree log ---
manifest
ADDED from src\main\AndroidManifest.xml:2:1-255:12
	package
		ADDED from src\main\AndroidManifest.xml:2:11-34
		INJECTED from src\main\AndroidManifest.xml
		INJECTED from src\main\AndroidManifest.xml
	android:versionName
		ADDED from src\main\AndroidManifest.xml:5:11-36
		INJECTED from src\main\AndroidManifest.xml
		INJECTED from src\main\AndroidManifest.xml
	android:versionCode
		ADDED from src\main\AndroidManifest.xml:4:11-34
		INJECTED from src\main\AndroidManifest.xml
		INJECTED from src\main\AndroidManifest.xml
	xmlns:android
		ADDED from src\main\AndroidManifest.xml:3:11-69
uses-sdk
ADDED from src\main\AndroidManifest.xml:7:5-9:40
MERGED from [WyattBaas:aValidations:unspecified] AndroidManifest.xml:8:5-10:41
MERGED from [com.android.support:support-v4:23.2.1] AndroidManifest.xml:20:5-43
MERGED from [com.android.support:support-v4:23.2.1] AndroidManifest.xml:20:5-43
MERGED from [com.actionbarsherlock:actionbarsherlock:4.4.0] AndroidManifest.xml:3:3-70
	android:targetSdkVersion
		ADDED from src\main\AndroidManifest.xml:9:9-38
		INJECTED from src\main\AndroidManifest.xml
		INJECTED from src\main\AndroidManifest.xml
	android:minSdkVersion
		ADDED from src\main\AndroidManifest.xml:8:9-35
		INJECTED from src\main\AndroidManifest.xml
		INJECTED from src\main\AndroidManifest.xml
permission#com.xyc.wyatt.permission.JPUSH_MESSAGE
ADDED from src\main\AndroidManifest.xml:11:5-13:46
	android:protectionLevel
		ADDED from src\main\AndroidManifest.xml:13:9-44
	android:name
		ADDED from src\main\AndroidManifest.xml:12:9-62
uses-permission#com.android.launcher.permission.READ_SETTINGS
ADDED from src\main\AndroidManifest.xml:16:5-84
	android:name
		ADDED from src\main\AndroidManifest.xml:16:22-82
uses-permission#android.permission.WAKE_LOCK
ADDED from src\main\AndroidManifest.xml:17:5-18:23
	android:name
		ADDED from src\main\AndroidManifest.xml:17:22-65
uses-permission#android.permission.GET_TASKS
ADDED from src\main\AndroidManifest.xml:20:5-67
	android:name
		ADDED from src\main\AndroidManifest.xml:20:22-65
uses-permission#android.permission.WRITE_SETTINGS
ADDED from src\main\AndroidManifest.xml:21:5-72
	android:name
		ADDED from src\main\AndroidManifest.xml:21:22-70
uses-permission#android.permission.ACCESS_COARSE_LOCATION
ADDED from src\main\AndroidManifest.xml:23:5-24:23
	android:name
		ADDED from src\main\AndroidManifest.xml:23:22-78
uses-permission#android.permission.ACCESS_FINE_LOCATION
ADDED from src\main\AndroidManifest.xml:26:5-27:23
	android:name
		ADDED from src\main\AndroidManifest.xml:26:22-76
uses-permission#android.permission.ACCESS_NETWORK_STATE
ADDED from src\main\AndroidManifest.xml:30:5-31:23
	android:name
		ADDED from src\main\AndroidManifest.xml:30:22-76
uses-permission#android.permission.CHANGE_WIFI_STATE
ADDED from src\main\AndroidManifest.xml:33:5-34:23
	android:name
		ADDED from src\main\AndroidManifest.xml:33:22-73
uses-permission#android.permission.READ_PHONE_STATE
ADDED from src\main\AndroidManifest.xml:36:5-37:23
	android:name
		ADDED from src\main\AndroidManifest.xml:36:22-72
uses-permission#android.permission.WRITE_EXTERNAL_STORAGE
ADDED from src\main\AndroidManifest.xml:39:5-40:23
	android:name
		ADDED from src\main\AndroidManifest.xml:39:22-78
uses-permission#android.permission.INTERNET
ADDED from src\main\AndroidManifest.xml:42:5-66
	android:name
		ADDED from src\main\AndroidManifest.xml:42:22-64
uses-permission#android.permission.MOUNT_UNMOUNT_FILESYSTEMS
ADDED from src\main\AndroidManifest.xml:44:5-45:23
	android:name
		ADDED from src\main\AndroidManifest.xml:44:22-81
uses-permission#android.permission.READ_LOGS
ADDED from src\main\AndroidManifest.xml:47:5-48:23
	android:name
		ADDED from src\main\AndroidManifest.xml:47:22-65
uses-permission#android.permission.MANAGE_ACCOUNTS
ADDED from src\main\AndroidManifest.xml:51:5-73
	android:name
		ADDED from src\main\AndroidManifest.xml:51:22-71
uses-permission#android.permission.GET_ACCOUNTS
ADDED from src\main\AndroidManifest.xml:52:5-70
	android:name
		ADDED from src\main\AndroidManifest.xml:52:22-68
uses-permission#android.permission.BLUETOOTH
ADDED from src\main\AndroidManifest.xml:54:5-67
	android:name
		ADDED from src\main\AndroidManifest.xml:54:22-65
uses-permission#android.permission.BLUETOOTH_ADMIN
ADDED from src\main\AndroidManifest.xml:55:5-73
	android:name
		ADDED from src\main\AndroidManifest.xml:55:22-71
uses-permission#com.xyc.wyatt.permission.JPUSH_MESSAGE
ADDED from src\main\AndroidManifest.xml:58:5-77
	android:name
		ADDED from src\main\AndroidManifest.xml:58:22-75
uses-permission#android.permission.RECEIVE_USER_PRESENT
ADDED from src\main\AndroidManifest.xml:59:5-78
	android:name
		ADDED from src\main\AndroidManifest.xml:59:22-76
uses-permission#android.permission.READ_EXTERNAL_STORAGE
ADDED from src\main\AndroidManifest.xml:60:5-79
	android:name
		ADDED from src\main\AndroidManifest.xml:60:22-77
uses-permission#android.permission.VIBRATE
ADDED from src\main\AndroidManifest.xml:61:5-65
	android:name
		ADDED from src\main\AndroidManifest.xml:61:22-63
uses-permission#android.permission.SYSTEM_ALERT_WINDOW
ADDED from src\main\AndroidManifest.xml:62:5-77
	android:name
		ADDED from src\main\AndroidManifest.xml:62:22-75
uses-permission#android.permission.ACCESS_WIFI_STATE
ADDED from src\main\AndroidManifest.xml:65:5-75
	android:name
		ADDED from src\main\AndroidManifest.xml:65:22-73
uses-permission#android.permission.ACCESS_LOCATION_EXTRA_COMMANDS
ADDED from src\main\AndroidManifest.xml:66:5-88
	android:name
		ADDED from src\main\AndroidManifest.xml:66:22-86
uses-permission#android.permission.CHANGE_NETWORK_STATE
ADDED from src\main\AndroidManifest.xml:67:5-78
	android:name
		ADDED from src\main\AndroidManifest.xml:67:22-76
application
ADDED from src\main\AndroidManifest.xml:69:5-253:19
MERGED from [com.android.support:support-v4:23.2.1] AndroidManifest.xml:22:5-20
MERGED from [com.android.support:support-v4:23.2.1] AndroidManifest.xml:22:5-20
MERGED from [com.actionbarsherlock:actionbarsherlock:4.4.0] AndroidManifest.xml:4:3-17
	android:label
		ADDED from src\main\AndroidManifest.xml:72:9-41
	android:allowBackup
		ADDED from src\main\AndroidManifest.xml:70:9-35
	android:icon
		ADDED from src\main\AndroidManifest.xml:71:9-36
	android:theme
		ADDED from src\main\AndroidManifest.xml:73:9-50
meta-data#com.baidu.lbsapi.API_KEY
ADDED from src\main\AndroidManifest.xml:74:9-76:55
	android:value
		ADDED from src\main\AndroidManifest.xml:76:13-53
	android:name
		ADDED from src\main\AndroidManifest.xml:75:13-52
service#com.baidu.location.f
ADDED from src\main\AndroidManifest.xml:78:9-82:19
	android:enabled
		ADDED from src\main\AndroidManifest.xml:80:13-35
	android:process
		ADDED from src\main\AndroidManifest.xml:81:13-38
	android:name
		ADDED from src\main\AndroidManifest.xml:79:13-48
service#cn.jpush.android.service.DownloadService
ADDED from src\main\AndroidManifest.xml:84:9-88:19
	android:enabled
		ADDED from src\main\AndroidManifest.xml:86:13-35
	android:exported
		ADDED from src\main\AndroidManifest.xml:87:13-37
	android:name
		ADDED from src\main\AndroidManifest.xml:85:13-68
service#cn.jpush.android.service.PushService
ADDED from src\main\AndroidManifest.xml:91:9-101:19
	android:enabled
		ADDED from src\main\AndroidManifest.xml:93:13-35
	android:exported
		ADDED from src\main\AndroidManifest.xml:94:13-37
	android:name
		ADDED from src\main\AndroidManifest.xml:92:13-64
intent-filter#cn.jpush.android.intent.PUSH_TIME+cn.jpush.android.intent.PushService+cn.jpush.android.intent.REGISTER+cn.jpush.android.intent.REPORT
ADDED from src\main\AndroidManifest.xml:95:13-100:29
action#cn.jpush.android.intent.REGISTER
ADDED from src\main\AndroidManifest.xml:96:17-74
	android:name
		ADDED from src\main\AndroidManifest.xml:96:25-72
action#cn.jpush.android.intent.REPORT
ADDED from src\main\AndroidManifest.xml:97:17-72
	android:name
		ADDED from src\main\AndroidManifest.xml:97:25-70
action#cn.jpush.android.intent.PushService
ADDED from src\main\AndroidManifest.xml:98:17-77
	android:name
		ADDED from src\main\AndroidManifest.xml:98:25-75
action#cn.jpush.android.intent.PUSH_TIME
ADDED from src\main\AndroidManifest.xml:99:17-75
	android:name
		ADDED from src\main\AndroidManifest.xml:99:25-73
service#cn.jpush.android.service.DaemonService
ADDED from src\main\AndroidManifest.xml:104:9-113:19
	android:enabled
		ADDED from src\main\AndroidManifest.xml:106:13-35
	android:exported
		ADDED from src\main\AndroidManifest.xml:107:13-36
	android:name
		ADDED from src\main\AndroidManifest.xml:105:13-66
intent-filter#cn.jpush.android.intent.DaemonService+com.xyc.wyatt
ADDED from src\main\AndroidManifest.xml:108:13-112:29
action#cn.jpush.android.intent.DaemonService
ADDED from src\main\AndroidManifest.xml:109:17-79
	android:name
		ADDED from src\main\AndroidManifest.xml:109:25-77
category#com.xyc.wyatt
ADDED from src\main\AndroidManifest.xml:111:17-57
	android:name
		ADDED from src\main\AndroidManifest.xml:111:27-55
activity#com.xyc.wyatt.SplashActivity
ADDED from src\main\AndroidManifest.xml:115:9-123:20
	android:label
		ADDED from src\main\AndroidManifest.xml:117:13-45
	android:name
		ADDED from src\main\AndroidManifest.xml:116:13-56
intent-filter#android.intent.action.MAIN+android.intent.category.LAUNCHER
ADDED from src\main\AndroidManifest.xml:118:13-122:29
action#android.intent.action.MAIN
ADDED from src\main\AndroidManifest.xml:119:17-68
	android:name
		ADDED from src\main\AndroidManifest.xml:119:25-66
category#android.intent.category.LAUNCHER
ADDED from src\main\AndroidManifest.xml:121:17-76
	android:name
		ADDED from src\main\AndroidManifest.xml:121:27-74
activity#cn.domob.android.ads.DmActivity
ADDED from src\main\AndroidManifest.xml:125:9-128:20
	android:theme
		ADDED from src\main\AndroidManifest.xml:127:13-61
	android:name
		ADDED from src\main\AndroidManifest.xml:126:13-59
activity#com.mob.tools.MobUIShell
ADDED from src\main\AndroidManifest.xml:131:9-145:20
	android:screenOrientation
		ADDED from src\main\AndroidManifest.xml:134:13-49
	android:windowSoftInputMode
		ADDED from src\main\AndroidManifest.xml:136:13-67
	android:configChanges
		ADDED from src\main\AndroidManifest.xml:133:13-74
	android:theme
		ADDED from src\main\AndroidManifest.xml:135:13-72
	android:name
		ADDED from src\main\AndroidManifest.xml:132:13-52
intent-filter#android.intent.action.VIEW+android.intent.category.BROWSABLE+android.intent.category.DEFAULT
ADDED from src\main\AndroidManifest.xml:137:13-144:29
data
ADDED from src\main\AndroidManifest.xml:138:17-58
	android:scheme
		ADDED from src\main\AndroidManifest.xml:138:23-56
action#android.intent.action.VIEW
ADDED from src\main\AndroidManifest.xml:140:17-68
	android:name
		ADDED from src\main\AndroidManifest.xml:140:25-66
category#android.intent.category.BROWSABLE
ADDED from src\main\AndroidManifest.xml:142:17-77
	android:name
		ADDED from src\main\AndroidManifest.xml:142:27-75
category#android.intent.category.DEFAULT
ADDED from src\main\AndroidManifest.xml:143:17-75
	android:name
		ADDED from src\main\AndroidManifest.xml:143:27-73
activity#cn.sharesdk.tencent.qq.ResultReceiver
ADDED from src\main\AndroidManifest.xml:154:9-172:20
	android:launchMode
		ADDED from src\main\AndroidManifest.xml:156:13-44
	android:noHistory
		ADDED from src\main\AndroidManifest.xml:157:13-37
	android:name
		ADDED from src\main\AndroidManifest.xml:155:13-65
activity#com.xyc.wyatt.BaseActivity
ADDED from src\main\AndroidManifest.xml:173:9-62
	android:name
		ADDED from src\main\AndroidManifest.xml:173:19-60
activity#com.xyc.wyatt.TrainingActivity
ADDED from src\main\AndroidManifest.xml:174:9-66
	android:name
		ADDED from src\main\AndroidManifest.xml:174:19-64
activity#com.xyc.wyatt.RuningActivity
ADDED from src\main\AndroidManifest.xml:175:9-64
	android:name
		ADDED from src\main\AndroidManifest.xml:175:19-62
activity#com.xyc.wyatt.WyattcirleActivity
ADDED from src\main\AndroidManifest.xml:176:9-68
	android:name
		ADDED from src\main\AndroidManifest.xml:176:19-66
activity#com.xyc.wyatt.CommentsActivity
ADDED from src\main\AndroidManifest.xml:177:9-66
	android:name
		ADDED from src\main\AndroidManifest.xml:177:19-64
activity#com.xyc.wyatt.LoginActivity
ADDED from src\main\AndroidManifest.xml:178:9-63
	android:name
		ADDED from src\main\AndroidManifest.xml:178:19-61
activity#com.xyc.wyatt.RegisterActivity
ADDED from src\main\AndroidManifest.xml:179:9-66
	android:name
		ADDED from src\main\AndroidManifest.xml:179:19-64
activity#com.xyc.wyatt.RunningRecorderActivity
ADDED from src\main\AndroidManifest.xml:180:9-73
	android:name
		ADDED from src\main\AndroidManifest.xml:180:19-71
activity#com.xyc.wyatt.SettingActivity
ADDED from src\main\AndroidManifest.xml:181:9-65
	android:name
		ADDED from src\main\AndroidManifest.xml:181:19-63
activity#com.xyc.wyatt.DayActivity
ADDED from src\main\AndroidManifest.xml:182:9-61
	android:name
		ADDED from src\main\AndroidManifest.xml:182:19-59
activity#com.xyc.wyatt.ShareActivity
ADDED from src\main\AndroidManifest.xml:183:9-63
	android:name
		ADDED from src\main\AndroidManifest.xml:183:19-61
activity#com.xyc.wyatt.UserInfoActivity
ADDED from src\main\AndroidManifest.xml:184:9-66
	android:name
		ADDED from src\main\AndroidManifest.xml:184:19-64
activity#com.xyc.wyatt.NickNameEditActivity
ADDED from src\main\AndroidManifest.xml:185:9-70
	android:name
		ADDED from src\main\AndroidManifest.xml:185:19-68
activity#com.xyc.wyatt.UserInfoEditActivity
ADDED from src\main\AndroidManifest.xml:186:9-70
	android:name
		ADDED from src\main\AndroidManifest.xml:186:19-68
activity#com.xyc.wyatt.JPustShowActivity
ADDED from src\main\AndroidManifest.xml:187:9-67
	android:name
		ADDED from src\main\AndroidManifest.xml:187:19-65
activity#com.xyc.wyatt.ImageBrowserActivity
ADDED from src\main\AndroidManifest.xml:188:9-70
	android:name
		ADDED from src\main\AndroidManifest.xml:188:19-68
activity#com.xyc.wyatt.OpinionActivity
ADDED from src\main\AndroidManifest.xml:189:9-65
	android:name
		ADDED from src\main\AndroidManifest.xml:189:19-63
activity#com.xyc.wyatt.AboutActivity
ADDED from src\main\AndroidManifest.xml:190:9-63
	android:name
		ADDED from src\main\AndroidManifest.xml:190:19-61
activity#cn.jpush.android.ui.PushActivity
ADDED from src\main\AndroidManifest.xml:192:9-202:20
	android:exported
		ADDED from src\main\AndroidManifest.xml:195:13-37
	android:configChanges
		ADDED from src\main\AndroidManifest.xml:194:13-63
	android:name
		ADDED from src\main\AndroidManifest.xml:193:13-60
intent-filter#android.intent.category.DEFAULT+cn.jpush.android.ui.PushActivity+com.xyc.wyatt
ADDED from src\main\AndroidManifest.xml:196:13-201:29
action#cn.jpush.android.ui.PushActivity
ADDED from src\main\AndroidManifest.xml:197:17-74
	android:name
		ADDED from src\main\AndroidManifest.xml:197:25-72
receiver#cn.jpush.android.service.PushReceiver
ADDED from src\main\AndroidManifest.xml:204:9-223:20
	android:enabled
		ADDED from src\main\AndroidManifest.xml:206:13-35
	android:exported
		ADDED from src\main\AndroidManifest.xml:207:13-37
	android:name
		ADDED from src\main\AndroidManifest.xml:205:13-65
intent-filter#cn.jpush.android.intent.NOTIFICATION_RECEIVED_PROXY+com.xyc.wyatt
ADDED from src\main\AndroidManifest.xml:208:13-211:29
	android:priority
		ADDED from src\main\AndroidManifest.xml:208:28-51
action#cn.jpush.android.intent.NOTIFICATION_RECEIVED_PROXY
ADDED from src\main\AndroidManifest.xml:209:17-93
	android:name
		ADDED from src\main\AndroidManifest.xml:209:25-91
intent-filter#android.intent.action.USER_PRESENT+android.net.conn.CONNECTIVITY_CHANGE
ADDED from src\main\AndroidManifest.xml:212:13-215:29
action#android.intent.action.USER_PRESENT
ADDED from src\main\AndroidManifest.xml:213:17-76
	android:name
		ADDED from src\main\AndroidManifest.xml:213:25-74
action#android.net.conn.CONNECTIVITY_CHANGE
ADDED from src\main\AndroidManifest.xml:214:17-78
	android:name
		ADDED from src\main\AndroidManifest.xml:214:25-76
intent-filter#android.intent.action.PACKAGE_ADDED+android.intent.action.PACKAGE_REMOVED
ADDED from src\main\AndroidManifest.xml:217:13-222:29
action#android.intent.action.PACKAGE_ADDED
ADDED from src\main\AndroidManifest.xml:218:17-77
	android:name
		ADDED from src\main\AndroidManifest.xml:218:25-75
action#android.intent.action.PACKAGE_REMOVED
ADDED from src\main\AndroidManifest.xml:219:17-79
	android:name
		ADDED from src\main\AndroidManifest.xml:219:25-77
receiver#cn.jpush.android.service.AlarmReceiver
ADDED from src\main\AndroidManifest.xml:226:9-74
	android:name
		ADDED from src\main\AndroidManifest.xml:226:19-72
receiver#com.xyc.wyatt.receiver.JPushReceiver
ADDED from src\main\AndroidManifest.xml:229:9-243:20
	android:enabled
		ADDED from src\main\AndroidManifest.xml:231:13-35
	android:exported
		ADDED from src\main\AndroidManifest.xml:232:13-37
	android:name
		ADDED from src\main\AndroidManifest.xml:230:13-64
intent-filter#cn.jpush.android.intent.ACTION_RICHPUSH_CALLBACK+cn.jpush.android.intent.CONNECTION+cn.jpush.android.intent.MESSAGE_RECEIVED+cn.jpush.android.intent.NOTIFICATION_OPENED+cn.jpush.android.intent.NOTIFICATION_RECEIVED+cn.jpush.android.intent.REGISTRATION+cn.jpush.android.intent.UNREGISTRATION+com.xyc.wyatt
ADDED from src\main\AndroidManifest.xml:233:13-242:29
action#cn.jpush.android.intent.REGISTRATION
ADDED from src\main\AndroidManifest.xml:234:17-78
	android:name
		ADDED from src\main\AndroidManifest.xml:234:25-76
action#cn.jpush.android.intent.UNREGISTRATION
ADDED from src\main\AndroidManifest.xml:235:17-80
	android:name
		ADDED from src\main\AndroidManifest.xml:235:25-78
action#cn.jpush.android.intent.MESSAGE_RECEIVED
ADDED from src\main\AndroidManifest.xml:236:17-82
	android:name
		ADDED from src\main\AndroidManifest.xml:236:25-80
action#cn.jpush.android.intent.NOTIFICATION_RECEIVED
ADDED from src\main\AndroidManifest.xml:237:17-87
	android:name
		ADDED from src\main\AndroidManifest.xml:237:25-85
action#cn.jpush.android.intent.NOTIFICATION_OPENED
ADDED from src\main\AndroidManifest.xml:238:17-85
	android:name
		ADDED from src\main\AndroidManifest.xml:238:25-83
action#cn.jpush.android.intent.ACTION_RICHPUSH_CALLBACK
ADDED from src\main\AndroidManifest.xml:239:17-90
	android:name
		ADDED from src\main\AndroidManifest.xml:239:25-88
action#cn.jpush.android.intent.CONNECTION
ADDED from src\main\AndroidManifest.xml:240:17-76
	android:name
		ADDED from src\main\AndroidManifest.xml:240:25-74
meta-data#JPUSH_CHANNEL
ADDED from src\main\AndroidManifest.xml:246:9-248:48
	android:value
		ADDED from src\main\AndroidManifest.xml:248:13-46
	android:name
		ADDED from src\main\AndroidManifest.xml:247:13-41
meta-data#JPUSH_APPKEY
ADDED from src\main\AndroidManifest.xml:249:9-251:55
	android:value
		ADDED from src\main\AndroidManifest.xml:251:13-53
	android:name
		ADDED from src\main\AndroidManifest.xml:250:13-40